<?xml version="1.0" encoding="UTF-8"?>
<!-- Generated by org.testng.reporters.JUnitReportReporter -->
<testsuite hostname="sud-dev-uk-6adf" failures="0" tests="3" name="org.automationanywhereTestNG.TestNgAssessment" time="0.020" errors="0" timestamp="2023-09-28T19:03:18 IST" skipped="0">
  <testcase classname="org.automationanywhereTestNG.TestNgAssessment" name="findEachCharacterOccuranceInAString" time="0.010"/>
  <testcase classname="org.automationanywhereTestNG.TestNgAssessment" name="fineTheCharacterCasesInAString" time="0.008"/>
  <testcase classname="org.automationanywhereTestNG.TestNgAssessment" name="sortTheArrayIntegers" time="0.002"/>
</testsuite> <!-- org.automationanywhereTestNG.TestNgAssessment -->
