<?xml version="1.0" encoding="UTF-8"?>
<!-- Generated by org.testng.reporters.JUnitReportReporter -->
<testsuite hostname="sud-dev-uk-6adf" failures="0" tests="1" name="org.readandwritetest.TestReadAndWriteTestInMaven" time="0.854" errors="0" timestamp="28 Sep 2023 17:58:02 GMT" skipped="0">
  <testcase classname="org.readandwritetest.TestReadAndWriteTestInMaven" name="readDataFromExcel" time="0.854"/>
</testsuite> <!-- org.readandwritetest.TestReadAndWriteTestInMaven -->
