<?xml version="1.0" encoding="UTF-8"?>
<!-- Generated by org.testng.reporters.JUnitReportReporter -->
<testsuite hostname="sud-dev-uk-6adf" failures="0" tests="1" name="org.readandwritetest.ReadAndWriteTestInMaven" time="0.898" errors="0" timestamp="28 Sep 2023 17:44:06 GMT" skipped="0">
  <testcase classname="org.readandwritetest.ReadAndWriteTestInMaven" name="readDataFromExcel" time="0.898"/>
</testsuite> <!-- org.readandwritetest.ReadAndWriteTestInMaven -->
