<?xml version="1.0" encoding="UTF-8"?>
<!-- Generated by org.testng.reporters.JUnitReportReporter -->
<testsuite hostname="sud-dev-uk-6adf" failures="0" tests="2" name="org.uitest.VerifyAutomationAnywhereWebSite" time="39.971" errors="0" timestamp="2023-09-28T20:52:36 IST" skipped="1">
  <testcase classname="org.uitest.VerifyAutomationAnywhereWebSite" name="verifyTopMenusPages" time="39.971"/>
  <testcase classname="org.uitest.VerifyAutomationAnywhereWebSite" name="verifyHomePageLogo">
    <skipped/>
  </testcase> <!-- verifyHomePageLogo -->
</testsuite> <!-- org.uitest.VerifyAutomationAnywhereWebSite -->
