<?xml version="1.0" encoding="UTF-8"?>
<!-- Generated by org.testng.reporters.JUnitReportReporter -->
<testsuite hostname="sud-dev-uk-6adf" failures="0" tests="4" name="org.testNgTest.TestNgAssessment" time="0.028" errors="0" timestamp="2023-09-28T19:52:13 IST" skipped="0">
  <testcase classname="org.testNgTest.TestNgAssessment" name="checkGivenStringIsPalindrome" time="0.014"/>
  <testcase classname="org.testNgTest.TestNgAssessment" name="fineTheCharacterCasesInAString" time="0.009"/>
  <testcase classname="org.testNgTest.TestNgAssessment" name="findEachCharacterOccuranceInAString" time="0.003"/>
  <testcase classname="org.testNgTest.TestNgAssessment" name="sortTheArrayIntegers" time="0.002"/>
</testsuite> <!-- org.testNgTest.TestNgAssessment -->
